Using pre-set license
Built from 'trunk' branch; Version is '6000.0.21f1 (e2bacb8dee3a) revision 14858955'; Using compiler version '193933523'; Build Type 'Release'
OS: 'Windows 11  (10.0.22631) 64bit CoreSingleLanguage' Language: 'en' Physical Memory: 32174 MB
BatchMode: 1, IsHumanControllingUs: 0, StartBugReporterOnCrash: 0, Is64bit: 1, IsPro: 1

COMMAND LINE ARGUMENTS:
E:\UnityVersions\6000.0.21f1\Editor\Unity.exe
-adb2
-batchMode
-noUpm
-name
AssetImportWorker4
-projectPath
E:/Git/UnityGameDevelopmentExamStartProjectPrivate/Subject4/Subject4
-logFile
Logs/AssetImportWorker4.log
-srvPort
59227
-job-worker-count
7
-background-job-worker-count
8
-asset-garbage-collectors
1
Successfully changed project path to: E:/Git/UnityGameDevelopmentExamStartProjectPrivate/Subject4/Subject4
E:/Git/UnityGameDevelopmentExamStartProjectPrivate/Subject4/Subject4
[UnityMemory] Configuration Parameters - Can be set up in boot.config
    "memorysetup-bucket-allocator-granularity=16"
    "memorysetup-bucket-allocator-bucket-count=8"
    "memorysetup-bucket-allocator-block-size=33554432"
    "memorysetup-bucket-allocator-block-count=8"
    "memorysetup-main-allocator-block-size=16777216"
    "memorysetup-thread-allocator-block-size=16777216"
    "memorysetup-gfx-main-allocator-block-size=16777216"
    "memorysetup-gfx-thread-allocator-block-size=16777216"
    "memorysetup-cache-allocator-block-size=4194304"
    "memorysetup-typetree-allocator-block-size=2097152"
    "memorysetup-profiler-bucket-allocator-granularity=16"
    "memorysetup-profiler-bucket-allocator-bucket-count=8"
    "memorysetup-profiler-bucket-allocator-block-size=33554432"
    "memorysetup-profiler-bucket-allocator-block-count=8"
    "memorysetup-profiler-allocator-block-size=16777216"
    "memorysetup-profiler-editor-allocator-block-size=1048576"
    "memorysetup-temp-allocator-size-main=16777216"
    "memorysetup-job-temp-allocator-block-size=2097152"
    "memorysetup-job-temp-allocator-block-size-background=1048576"
    "memorysetup-job-temp-allocator-reduction-small-platforms=262144"
    "memorysetup-allocator-temp-initial-block-size-main=262144"
    "memorysetup-allocator-temp-initial-block-size-worker=262144"
    "memorysetup-temp-allocator-size-background-worker=32768"
    "memorysetup-temp-allocator-size-job-worker=262144"
    "memorysetup-temp-allocator-size-preload-manager=33554432"
    "memorysetup-temp-allocator-size-nav-mesh-worker=65536"
    "memorysetup-temp-allocator-size-audio-worker=65536"
    "memorysetup-temp-allocator-size-cloud-worker=32768"
    "memorysetup-temp-allocator-size-gi-baking-worker=262144"
    "memorysetup-temp-allocator-size-gi-baking-worker=262144"
    "memorysetup-temp-allocator-size-gi-baking-worker=262144"
    "memorysetup-temp-allocator-size-gi-baking-worker=262144"
    "memorysetup-temp-allocator-size-gi-baking-worker=262144"
    "memorysetup-temp-allocator-size-gfx=262144"
Player connection [3556]  Target information:

Player connection [3556]  * "[IP] 192.168.56.1 [Port] 0 [Flags] 2 [Guid] 3631800421 [EditorId] 3631800421 [Version] 1048832 [Id] WindowsEditor(7,DESKTOP-HI2MHBV) [Debug] 1 [PackageName] WindowsEditor [ProjectName] Editor" 

Player connection [3556]  * "[IP] 192.168.1.11 [Port] 0 [Flags] 2 [Guid] 3631800421 [EditorId] 3631800421 [Version] 1048832 [Id] WindowsEditor(7,DESKTOP-HI2MHBV) [Debug] 1 [PackageName] WindowsEditor [ProjectName] Editor" 

Player connection [3556] Host joined multi-casting on [225.0.0.222:54997]...
Player connection [3556] Host joined alternative multi-casting on [225.0.0.222:34997]...
JobSystem: Creating JobQueue using job-worker-count value 7
[Physics::Module] Initialized fallback backend.
[Physics::Module] Id: 0xdecafbad
Library Redirect Path: Library/
[Physics::Module] Selected backend.
[Physics::Module] Name: PhysX
[Physics::Module] Id: 0xf2b8ea05
[Physics::Module] SDK Version: 4.1.2
[Physics::Module] Integration Version: 1.0.0
[Physics::Module] Threading Mode: Multi-Threaded
Refreshing native plugins compatible for Editor in 1.66 ms, found 3 plugins.
Preloading 0 native plugins for Editor in 0.00 ms.
Initialize engine version: 6000.0.21f1 (e2bacb8dee3a)
[Subsystems] Discovering subsystems at path E:/UnityVersions/6000.0.21f1/Editor/Data/Resources/UnitySubsystems
[Subsystems] Discovering subsystems at path E:/Git/UnityGameDevelopmentExamStartProjectPrivate/Subject4/Subject4/Assets
GfxDevice: creating device client; kGfxThreadingModeNonThreaded
Direct3D:
    Version:  Direct3D 11.0 [level 11.1]
    Renderer: NVIDIA GeForce RTX 3050 Ti Laptop GPU (ID=0x25a0)
    Vendor:   NVIDIA
    VRAM:     3962 MB
    Driver:   32.0.15.6607
Initialize mono
Mono path[0] = 'E:/UnityVersions/6000.0.21f1/Editor/Data/Managed'
Mono path[1] = 'E:/UnityVersions/6000.0.21f1/Editor/Data/MonoBleedingEdge/lib/mono/unityjit-win32'
Mono config path = 'E:/UnityVersions/6000.0.21f1/Editor/Data/MonoBleedingEdge/etc'
Using monoOptions --debugger-agent=transport=dt_socket,embedding=1,server=y,suspend=n,address=127.0.0.1:56244
Begin MonoManager ReloadAssembly
Registering precompiled unity dll's ...
Register platform support module: E:/UnityVersions/6000.0.21f1/Editor/Data/PlaybackEngines/WindowsStandaloneSupport/UnityEditor.WindowsStandalone.Extensions.dll
Registered in 0.002207 seconds.
- Loaded All Assemblies, in  0.480 seconds
Native extension for WindowsStandalone target not found
Mono: successfully reloaded assembly
- Finished resetting the current domain, in  0.518 seconds
Domain Reload Profiling: 998ms
	BeginReloadAssembly (169ms)
		ExecutionOrderSort (0ms)
		DisableScriptedObjects (0ms)
		BackupInstance (0ms)
		ReleaseScriptingObjects (0ms)
		CreateAndSetChildDomain (1ms)
	RebuildCommonClasses (42ms)
	RebuildNativeTypeToScriptingClass (13ms)
	initialDomainReloadingComplete (64ms)
	LoadAllAssembliesAndSetupDomain (192ms)
		LoadAssemblies (167ms)
		RebuildTransferFunctionScriptingTraits (0ms)
		AnalyzeDomain (189ms)
			TypeCache.Refresh (187ms)
				TypeCache.ScanAssembly (168ms)
			BuildScriptInfoCaches (0ms)
			ResolveRequiredComponents (1ms)
	FinalizeReload (519ms)
		ReleaseScriptCaches (0ms)
		RebuildScriptCaches (0ms)
		SetupLoadedEditorAssemblies (461ms)
			LogAssemblyErrors (0ms)
			InitializePlatformSupportModulesInManaged (34ms)
			SetLoadedEditorAssemblies (7ms)
			BeforeProcessingInitializeOnLoad (10ms)
			ProcessInitializeOnLoadAttributes (296ms)
			ProcessInitializeOnLoadMethodAttributes (105ms)
			AfterProcessingInitializeOnLoad (8ms)
			EditorAssembliesLoaded (0ms)
		ExecutionOrderSort2 (0ms)
		AwakeInstancesAfterBackupRestoration (0ms)
========================================================================
Worker process is ready to serve import requests
Import Worker Mode flag is 0x00
Begin MonoManager ReloadAssembly
- Loaded All Assemblies, in  1.034 seconds
Refreshing native plugins compatible for Editor in 0.63 ms, found 3 plugins.
Native extension for WindowsStandalone target not found
Mono: successfully reloaded assembly
- Finished resetting the current domain, in  1.052 seconds
Domain Reload Profiling: 2085ms
	BeginReloadAssembly (395ms)
		ExecutionOrderSort (0ms)
		DisableScriptedObjects (7ms)
		BackupInstance (0ms)
		ReleaseScriptingObjects (0ms)
		CreateAndSetChildDomain (35ms)
	RebuildCommonClasses (38ms)
	RebuildNativeTypeToScriptingClass (13ms)
	initialDomainReloadingComplete (35ms)
	LoadAllAssembliesAndSetupDomain (551ms)
		LoadAssemblies (384ms)
		RebuildTransferFunctionScriptingTraits (0ms)
		AnalyzeDomain (275ms)
			TypeCache.Refresh (186ms)
				TypeCache.ScanAssembly (171ms)
			BuildScriptInfoCaches (75ms)
			ResolveRequiredComponents (11ms)
	FinalizeReload (1053ms)
		ReleaseScriptCaches (0ms)
		RebuildScriptCaches (0ms)
		SetupLoadedEditorAssemblies (781ms)
			LogAssemblyErrors (0ms)
			InitializePlatformSupportModulesInManaged (2ms)
			SetLoadedEditorAssemblies (7ms)
			BeforeProcessingInitializeOnLoad (154ms)
			ProcessInitializeOnLoadAttributes (528ms)
			ProcessInitializeOnLoadMethodAttributes (84ms)
			AfterProcessingInitializeOnLoad (5ms)
			EditorAssembliesLoaded (0ms)
		ExecutionOrderSort2 (0ms)
		AwakeInstancesAfterBackupRestoration (7ms)
Launched and connected shader compiler UnityShaderCompiler.exe after 0.01 seconds
Refreshing native plugins compatible for Editor in 1.11 ms, found 3 plugins.
Preloading 0 native plugins for Editor in 0.00 ms.
Unloading 212 Unused Serialized files (Serialized files now loaded: 0)
Unloading 5991 unused Assets / (4.9 MB). Loaded Objects now: 6776.
Memory consumption went from 185.7 MB to 180.8 MB.
Total: 11.153600 ms (FindLiveObjects: 0.807200 ms CreateObjectMapping: 1.002300 ms MarkObjects: 6.283800 ms  DeleteObjects: 3.057100 ms)

========================================================================
Received Import Request.
  Time since last request: 393117.225277 seconds.
  path: Assets/Textures/Alt
  artifactKey: Guid(442bbd2f5f43bd240963d5a08362b0ee) Importer(815301076,1909f56bfc062723c751e8b465ee728b)
Start importing Assets/Textures/Alt using Guid(442bbd2f5f43bd240963d5a08362b0ee) Importer(815301076,1909f56bfc062723c751e8b465ee728b) (PreviewImporter) -> (artifact id: '8dceac01fc6e1847c923fb508a11c0d5') in 0.0063674 seconds
Number of updated asset objects reloaded before import = 0Number of asset objects unloaded after import = 0

========================================================================
Received Import Request.
  Time since last request: 5.139146 seconds.
  path: Assets/Textures/Alt/Time_Warp_full_01.png
  artifactKey: Guid(6e98f4c1db1f54f4dad36c9c256b3735) Importer(815301076,1909f56bfc062723c751e8b465ee728b)
Start importing Assets/Textures/Alt/Time_Warp_full_01.png using Guid(6e98f4c1db1f54f4dad36c9c256b3735) Importer(815301076,1909f56bfc062723c751e8b465ee728b) (PreviewImporter) -> (artifact id: 'd4699b30dc53f7bd9665d5d5de535baf') in 0.0828255 seconds
Number of updated asset objects reloaded before import = 0Number of asset objects unloaded after import = 2

========================================================================
Received Import Request.
  Time since last request: 0.000021 seconds.
  path: Assets/Textures/Alt/Time_Warp_full_08.png
  artifactKey: Guid(4db504d28d0ce0a45bd063c387bcd0bf) Importer(815301076,1909f56bfc062723c751e8b465ee728b)
Start importing Assets/Textures/Alt/Time_Warp_full_08.png using Guid(4db504d28d0ce0a45bd063c387bcd0bf) Importer(815301076,1909f56bfc062723c751e8b465ee728b) (PreviewImporter) -> (artifact id: '27ece1e7b16b66fc4a630d3f75d5f6d8') in 0.0161492 seconds
Number of updated asset objects reloaded before import = 0Number of asset objects unloaded after import = 2

========================================================================
Received Import Request.
  Time since last request: 0.000033 seconds.
  path: Assets/Textures/Alt/Time_Warp_full_07.png
  artifactKey: Guid(e7029662b700e31469cc5e54fb5b5550) Importer(815301076,1909f56bfc062723c751e8b465ee728b)
Start importing Assets/Textures/Alt/Time_Warp_full_07.png using Guid(e7029662b700e31469cc5e54fb5b5550) Importer(815301076,1909f56bfc062723c751e8b465ee728b) (PreviewImporter) -> (artifact id: 'ca49ed5ffaf244316d22cb4e5d8eedc0') in 0.0165927 seconds
Number of updated asset objects reloaded before import = 0Number of asset objects unloaded after import = 2

========================================================================
Received Import Request.
  Time since last request: 0.000019 seconds.
  path: Assets/Textures/Alt/Time_Warp_full_09.png
  artifactKey: Guid(01f06ddaf4391e842a7615a822d55894) Importer(815301076,1909f56bfc062723c751e8b465ee728b)
Start importing Assets/Textures/Alt/Time_Warp_full_09.png using Guid(01f06ddaf4391e842a7615a822d55894) Importer(815301076,1909f56bfc062723c751e8b465ee728b) (PreviewImporter) -> (artifact id: 'e658eb495a5a15db1cc692670eea23b6') in 0.0167343 seconds
Number of updated asset objects reloaded before import = 0Number of asset objects unloaded after import = 2

========================================================================
Received Import Request.
  Time since last request: 5.235992 seconds.
  path: Assets/Textures/Alt/AltPiece1.png
  artifactKey: Guid(6e98f4c1db1f54f4dad36c9c256b3735) Importer(815301076,1909f56bfc062723c751e8b465ee728b)
Start importing Assets/Textures/Alt/AltPiece1.png using Guid(6e98f4c1db1f54f4dad36c9c256b3735) Importer(815301076,1909f56bfc062723c751e8b465ee728b) (PreviewImporter) -> (artifact id: '00499dfcb60f897723270a521b3e1232') in 0.0166137 seconds
Number of updated asset objects reloaded before import = 0Number of asset objects unloaded after import = 2

========================================================================
Received Import Request.
  Time since last request: 4.995630 seconds.
  path: Assets/Textures/Alt/AltPiece2.png
  artifactKey: Guid(cc4c54421527a1545bd804d574ffbf97) Importer(815301076,1909f56bfc062723c751e8b465ee728b)
Start importing Assets/Textures/Alt/AltPiece2.png using Guid(cc4c54421527a1545bd804d574ffbf97) Importer(815301076,1909f56bfc062723c751e8b465ee728b) (PreviewImporter) -> (artifact id: '8122f195a23eec4f915d17e969e81d19') in 0.0164056 seconds
Number of updated asset objects reloaded before import = 0Number of asset objects unloaded after import = 2

========================================================================
Received Import Request.
  Time since last request: 5.538986 seconds.
  path: Assets/Textures/Alt/AltPiece3.png
  artifactKey: Guid(ea835b92ddbdb1a4c8fa9ed2af8b51b0) Importer(815301076,1909f56bfc062723c751e8b465ee728b)
Start importing Assets/Textures/Alt/AltPiece3.png using Guid(ea835b92ddbdb1a4c8fa9ed2af8b51b0) Importer(815301076,1909f56bfc062723c751e8b465ee728b) (PreviewImporter) -> (artifact id: '638b2746f1960025ee8d123e8e294394') in 0.0168555 seconds
Number of updated asset objects reloaded before import = 0Number of asset objects unloaded after import = 2

========================================================================
Received Import Request.
  Time since last request: 4.996917 seconds.
  path: Assets/Textures/Alt/AltPiece4.png
  artifactKey: Guid(e872655dc5480454c9b86d288e6ed72f) Importer(815301076,1909f56bfc062723c751e8b465ee728b)
Start importing Assets/Textures/Alt/AltPiece4.png using Guid(e872655dc5480454c9b86d288e6ed72f) Importer(815301076,1909f56bfc062723c751e8b465ee728b) (PreviewImporter) -> (artifact id: '0174c68b55bb2c415a0ac27c6a47dff2') in 0.0166572 seconds
Number of updated asset objects reloaded before import = 0Number of asset objects unloaded after import = 2

========================================================================
Received Import Request.
  Time since last request: 6.444409 seconds.
  path: Assets/Textures/Alt/AltPiece5.png
  artifactKey: Guid(45777938161831f478263abe1a8f5cf2) Importer(815301076,1909f56bfc062723c751e8b465ee728b)
Start importing Assets/Textures/Alt/AltPiece5.png using Guid(45777938161831f478263abe1a8f5cf2) Importer(815301076,1909f56bfc062723c751e8b465ee728b) (PreviewImporter) -> (artifact id: '3d727d9a11c0bf01ae1d7836e6d44377') in 0.0174525 seconds
Number of updated asset objects reloaded before import = 0Number of asset objects unloaded after import = 2

========================================================================
Received Import Request.
  Time since last request: 6.007303 seconds.
  path: Assets/Textures/Alt/AltPiece6.png
  artifactKey: Guid(e7029662b700e31469cc5e54fb5b5550) Importer(815301076,1909f56bfc062723c751e8b465ee728b)
Start importing Assets/Textures/Alt/AltPiece6.png using Guid(e7029662b700e31469cc5e54fb5b5550) Importer(815301076,1909f56bfc062723c751e8b465ee728b) (PreviewImporter) -> (artifact id: 'a7cabfe1d513995bb2536827cf8539b0') in 0.0149448 seconds
Number of updated asset objects reloaded before import = 0Number of asset objects unloaded after import = 2

========================================================================
Received Import Request.
  Time since last request: 5.575337 seconds.
  path: Assets/Textures/Alt/AltPiece7.png
  artifactKey: Guid(4db504d28d0ce0a45bd063c387bcd0bf) Importer(815301076,1909f56bfc062723c751e8b465ee728b)
Start importing Assets/Textures/Alt/AltPiece7.png using Guid(4db504d28d0ce0a45bd063c387bcd0bf) Importer(815301076,1909f56bfc062723c751e8b465ee728b) (PreviewImporter) -> (artifact id: '26534ec60c9daffe2a273e651a1f69df') in 0.0163854 seconds
Number of updated asset objects reloaded before import = 0Number of asset objects unloaded after import = 2

========================================================================
Received Import Request.
  Time since last request: 6.136604 seconds.
  path: Assets/Textures/Alt/AltPiece8.png
  artifactKey: Guid(01f06ddaf4391e842a7615a822d55894) Importer(815301076,1909f56bfc062723c751e8b465ee728b)
Start importing Assets/Textures/Alt/AltPiece8.png using Guid(01f06ddaf4391e842a7615a822d55894) Importer(815301076,1909f56bfc062723c751e8b465ee728b) (PreviewImporter) -> (artifact id: 'f88413f57b3f92d2df72e91853a1b1b0') in 0.0166795 seconds
Number of updated asset objects reloaded before import = 0Number of asset objects unloaded after import = 2

========================================================================
Received Import Request.
  Time since last request: 13.221040 seconds.
  path: Assets/Textures/Alt/Time_Warp_full_06.png
  artifactKey: Guid(a71ca8e123d52f447b180bfd76587299) Importer(815301076,1909f56bfc062723c751e8b465ee728b)
Start importing Assets/Textures/Alt/Time_Warp_full_06.png using Guid(a71ca8e123d52f447b180bfd76587299) Importer(815301076,1909f56bfc062723c751e8b465ee728b) (PreviewImporter) -> (artifact id: '27e29124eb6b4bebc64b802372f48b63') in 0.0141628 seconds
Number of updated asset objects reloaded before import = 0Number of asset objects unloaded after import = 2

========================================================================
Received Import Request.
  Time since last request: 4.739112 seconds.
  path: Assets/Textures/Alt/AltPiece9.png
  artifactKey: Guid(01f06ddaf4391e842a7615a822d55894) Importer(815301076,1909f56bfc062723c751e8b465ee728b)
Start importing Assets/Textures/Alt/AltPiece9.png using Guid(01f06ddaf4391e842a7615a822d55894) Importer(815301076,1909f56bfc062723c751e8b465ee728b) (PreviewImporter) -> (artifact id: '42630a05a75142f17eec89d1485613a2') in 0.0171151 seconds
Number of updated asset objects reloaded before import = 0Number of asset objects unloaded after import = 2

========================================================================
Received Import Request.
  Time since last request: 3.616985 seconds.
  path: Assets/Textures/Alt/AltPiece8.png
  artifactKey: Guid(4db504d28d0ce0a45bd063c387bcd0bf) Importer(815301076,1909f56bfc062723c751e8b465ee728b)
Start importing Assets/Textures/Alt/AltPiece8.png using Guid(4db504d28d0ce0a45bd063c387bcd0bf) Importer(815301076,1909f56bfc062723c751e8b465ee728b) (PreviewImporter) -> (artifact id: '83424141f86161e2fa5493604f287c69') in 0.0165792 seconds
Number of updated asset objects reloaded before import = 0Number of asset objects unloaded after import = 2

========================================================================
Received Import Request.
  Time since last request: 4.214911 seconds.
  path: Assets/Textures/Alt/AltPiece7.png
  artifactKey: Guid(e7029662b700e31469cc5e54fb5b5550) Importer(815301076,1909f56bfc062723c751e8b465ee728b)
Start importing Assets/Textures/Alt/AltPiece7.png using Guid(e7029662b700e31469cc5e54fb5b5550) Importer(815301076,1909f56bfc062723c751e8b465ee728b) (PreviewImporter) -> (artifact id: '98644b9877fe3bb3d04c3171cfeaa46e') in 0.0161709 seconds
Number of updated asset objects reloaded before import = 0Number of asset objects unloaded after import = 2

========================================================================
Received Import Request.
  Time since last request: 6.728816 seconds.
  path: Assets/Textures/Alt/AltPiece6.png
  artifactKey: Guid(a71ca8e123d52f447b180bfd76587299) Importer(815301076,1909f56bfc062723c751e8b465ee728b)
Start importing Assets/Textures/Alt/AltPiece6.png using Guid(a71ca8e123d52f447b180bfd76587299) Importer(815301076,1909f56bfc062723c751e8b465ee728b) (PreviewImporter) -> (artifact id: 'c55d0c98ee276053bd703ecac67262be') in 0.0167948 seconds
Number of updated asset objects reloaded before import = 0Number of asset objects unloaded after import = 2

========================================================================
Received Import Request.
  Time since last request: 92.118603 seconds.
  path: Assets/Materials/Piece1 1.mat
  artifactKey: Guid(0d6e4cf2192c2b643abae48992441a6d) Importer(815301076,1909f56bfc062723c751e8b465ee728b)
Start importing Assets/Materials/Piece1 1.mat using Guid(0d6e4cf2192c2b643abae48992441a6d) Importer(815301076,1909f56bfc062723c751e8b465ee728b) (PreviewImporter) -> (artifact id: '06f97c6c41bf21dcd14b3c40158bfb28') in 0.5558715 seconds
Number of updated asset objects reloaded before import = 0Number of asset objects unloaded after import = 2

========================================================================
Received Import Request.
  Time since last request: 0.000035 seconds.
  path: Assets/Materials/Piece7 1.mat
  artifactKey: Guid(9884603a8f31cc047bc3eada98d6e395) Importer(815301076,1909f56bfc062723c751e8b465ee728b)
Start importing Assets/Materials/Piece7 1.mat using Guid(9884603a8f31cc047bc3eada98d6e395) Importer(815301076,1909f56bfc062723c751e8b465ee728b) (PreviewImporter) -> (artifact id: '18bd8a69568309f58f37fbb84311e4c5') in 0.0184939 seconds
Number of updated asset objects reloaded before import = 0Number of asset objects unloaded after import = 2

========================================================================
Received Import Request.
  Time since last request: 0.000039 seconds.
  path: Assets/Materials/Piece5 1.mat
  artifactKey: Guid(22e6642847203544389840503a487815) Importer(815301076,1909f56bfc062723c751e8b465ee728b)
Start importing Assets/Materials/Piece5 1.mat using Guid(22e6642847203544389840503a487815) Importer(815301076,1909f56bfc062723c751e8b465ee728b) (PreviewImporter) -> (artifact id: '969a8e8f7094df25417d0e0961683a1c') in 0.0243093 seconds
Number of updated asset objects reloaded before import = 0Number of asset objects unloaded after import = 2

========================================================================
Received Import Request.
  Time since last request: 0.000029 seconds.
  path: Assets/Materials/Piece6 1.mat
  artifactKey: Guid(9f5d7b945737ab84c9f8ee972e767651) Importer(815301076,1909f56bfc062723c751e8b465ee728b)
Start importing Assets/Materials/Piece6 1.mat using Guid(9f5d7b945737ab84c9f8ee972e767651) Importer(815301076,1909f56bfc062723c751e8b465ee728b) (PreviewImporter) -> (artifact id: '75d325d9cd38d72f1b92cc69bbd98829') in 0.0207325 seconds
Number of updated asset objects reloaded before import = 0Number of asset objects unloaded after import = 2

========================================================================
Received Import Request.
  Time since last request: 0.000032 seconds.
  path: Assets/Materials/Piece4 1.mat
  artifactKey: Guid(837419213cc33364abdea24747e535fa) Importer(815301076,1909f56bfc062723c751e8b465ee728b)
Start importing Assets/Materials/Piece4 1.mat using Guid(837419213cc33364abdea24747e535fa) Importer(815301076,1909f56bfc062723c751e8b465ee728b) (PreviewImporter) -> (artifact id: 'db457d7d91007870f3db744bf098de99') in 0.0236396 seconds
Number of updated asset objects reloaded before import = 0Number of asset objects unloaded after import = 2

========================================================================
Received Import Request.
  Time since last request: 0.000031 seconds.
  path: Assets/Materials/Piece3 1.mat
  artifactKey: Guid(49d552d4b959f78499c9aa40738bb79f) Importer(815301076,1909f56bfc062723c751e8b465ee728b)
Start importing Assets/Materials/Piece3 1.mat using Guid(49d552d4b959f78499c9aa40738bb79f) Importer(815301076,1909f56bfc062723c751e8b465ee728b) (PreviewImporter) -> (artifact id: '6c4d15627ee1d83d800399f4f5fa269b') in 0.0203673 seconds
Number of updated asset objects reloaded before import = 0Number of asset objects unloaded after import = 2

========================================================================
Received Import Request.
  Time since last request: 18.369290 seconds.
  path: Assets/Materials/AltPiece1.mat
  artifactKey: Guid(0d6e4cf2192c2b643abae48992441a6d) Importer(815301076,1909f56bfc062723c751e8b465ee728b)
Start importing Assets/Materials/AltPiece1.mat using Guid(0d6e4cf2192c2b643abae48992441a6d) Importer(815301076,1909f56bfc062723c751e8b465ee728b) (PreviewImporter) -> (artifact id: '938a720b919533f6fc0e7ae04b2106ac') in 0.0179185 seconds
Number of updated asset objects reloaded before import = 0Number of asset objects unloaded after import = 2

========================================================================
Received Import Request.
  Time since last request: 18.952614 seconds.
  path: Assets/Materials/Alt
  artifactKey: Guid(5fe95b22562bfa249ac76d7e5fd85e8c) Importer(815301076,1909f56bfc062723c751e8b465ee728b)
Start importing Assets/Materials/Alt using Guid(5fe95b22562bfa249ac76d7e5fd85e8c) Importer(815301076,1909f56bfc062723c751e8b465ee728b) (PreviewImporter) -> (artifact id: '05d65685fca72ae2244104360a71e5cc') in 0.0006128 seconds
Number of updated asset objects reloaded before import = 0Number of asset objects unloaded after import = 0

========================================================================
Received Import Request.
  Time since last request: 3.812644 seconds.
  path: Assets/Materials/Alt/Piece1.mat
  artifactKey: Guid(1795242e71c188241a2b142665b57f14) Importer(815301076,1909f56bfc062723c751e8b465ee728b)
Start importing Assets/Materials/Alt/Piece1.mat using Guid(1795242e71c188241a2b142665b57f14) Importer(815301076,1909f56bfc062723c751e8b465ee728b) (PreviewImporter) -> (artifact id: 'c50a4af5922a468ab37bda08a8e33c4b') in 0.0238891 seconds
Number of updated asset objects reloaded before import = 0Number of asset objects unloaded after import = 2

========================================================================
Received Import Request.
  Time since last request: 0.000044 seconds.
  path: Assets/Materials/Alt/Piece6.mat
  artifactKey: Guid(e65944b6d36225f4e877b52f9a00c6fe) Importer(815301076,1909f56bfc062723c751e8b465ee728b)
Start importing Assets/Materials/Alt/Piece6.mat using Guid(e65944b6d36225f4e877b52f9a00c6fe) Importer(815301076,1909f56bfc062723c751e8b465ee728b) (PreviewImporter) -> (artifact id: '87ba600e10ce150d0bb5956c9bc4c8eb') in 0.01968 seconds
Number of updated asset objects reloaded before import = 0Number of asset objects unloaded after import = 2

========================================================================
Received Import Request.
  Time since last request: 0.000037 seconds.
  path: Assets/Materials/Alt/Piece8.mat
  artifactKey: Guid(c7d056a90976ecd439f14278edc1a22d) Importer(815301076,1909f56bfc062723c751e8b465ee728b)
Start importing Assets/Materials/Alt/Piece8.mat using Guid(c7d056a90976ecd439f14278edc1a22d) Importer(815301076,1909f56bfc062723c751e8b465ee728b) (PreviewImporter) -> (artifact id: '51896c67d95d77a5f57ac71c64611d44') in 0.0195937 seconds
Number of updated asset objects reloaded before import = 0Number of asset objects unloaded after import = 2

========================================================================
Received Import Request.
  Time since last request: 0.000025 seconds.
  path: Assets/Materials/Alt/Piece5.mat
  artifactKey: Guid(748a57941acb5eb47ab29cfa48fb7032) Importer(815301076,1909f56bfc062723c751e8b465ee728b)
Start importing Assets/Materials/Alt/Piece5.mat using Guid(748a57941acb5eb47ab29cfa48fb7032) Importer(815301076,1909f56bfc062723c751e8b465ee728b) (PreviewImporter) -> (artifact id: '6d8ace3fa425cb5f174b2408b5d24b2d') in 0.0162116 seconds
Number of updated asset objects reloaded before import = 0Number of asset objects unloaded after import = 2

========================================================================
Received Import Request.
  Time since last request: 6.112376 seconds.
  path: Assets/Materials/Alt/AltPiece1.mat
  artifactKey: Guid(1795242e71c188241a2b142665b57f14) Importer(815301076,1909f56bfc062723c751e8b465ee728b)
Start importing Assets/Materials/Alt/AltPiece1.mat using Guid(1795242e71c188241a2b142665b57f14) Importer(815301076,1909f56bfc062723c751e8b465ee728b) (PreviewImporter) -> (artifact id: '58d3529b6afaf16b1d8550a0a6a21247') in 0.0199282 seconds
Number of updated asset objects reloaded before import = 0Number of asset objects unloaded after import = 2

========================================================================
Received Import Request.
  Time since last request: 2.525565 seconds.
  path: Assets/Materials/Alt/AltPiece2.mat
  artifactKey: Guid(adfbfa6a220543d4b94f3ee427fd59d0) Importer(815301076,1909f56bfc062723c751e8b465ee728b)
Start importing Assets/Materials/Alt/AltPiece2.mat using Guid(adfbfa6a220543d4b94f3ee427fd59d0) Importer(815301076,1909f56bfc062723c751e8b465ee728b) (PreviewImporter) -> (artifact id: 'bd282032696a558b21630632381b2cfb') in 0.0196242 seconds
Number of updated asset objects reloaded before import = 0Number of asset objects unloaded after import = 2

========================================================================
Received Import Request.
  Time since last request: 2.922852 seconds.
  path: Assets/Materials/Alt/AltPiece3.mat
  artifactKey: Guid(07da99ab18b28a940b1b8d83b722daac) Importer(815301076,1909f56bfc062723c751e8b465ee728b)
Start importing Assets/Materials/Alt/AltPiece3.mat using Guid(07da99ab18b28a940b1b8d83b722daac) Importer(815301076,1909f56bfc062723c751e8b465ee728b) (PreviewImporter) -> (artifact id: '9344c22bb8376756d1680e1555a9b45c') in 0.0180545 seconds
Number of updated asset objects reloaded before import = 0Number of asset objects unloaded after import = 2

========================================================================
Received Import Request.
  Time since last request: 4.650181 seconds.
  path: Assets/Materials/Alt/AltPiece4.mat
  artifactKey: Guid(08b7c51135898734995404022de9a55c) Importer(815301076,1909f56bfc062723c751e8b465ee728b)
Start importing Assets/Materials/Alt/AltPiece4.mat using Guid(08b7c51135898734995404022de9a55c) Importer(815301076,1909f56bfc062723c751e8b465ee728b) (PreviewImporter) -> (artifact id: 'e4fe414ebb61b36975165bb729a27d03') in 0.0184698 seconds
Number of updated asset objects reloaded before import = 0Number of asset objects unloaded after import = 2

========================================================================
Received Import Request.
  Time since last request: 3.839739 seconds.
  path: Assets/Materials/Alt/AltPiece5.mat
  artifactKey: Guid(748a57941acb5eb47ab29cfa48fb7032) Importer(815301076,1909f56bfc062723c751e8b465ee728b)
Start importing Assets/Materials/Alt/AltPiece5.mat using Guid(748a57941acb5eb47ab29cfa48fb7032) Importer(815301076,1909f56bfc062723c751e8b465ee728b) (PreviewImporter) -> (artifact id: '1617f73212b9518a2e2c601cd5cb5a61') in 0.0188121 seconds
Number of updated asset objects reloaded before import = 0Number of asset objects unloaded after import = 2

========================================================================
Received Import Request.
  Time since last request: 2.678618 seconds.
  path: Assets/Materials/Alt/AltPiece6.mat
  artifactKey: Guid(e65944b6d36225f4e877b52f9a00c6fe) Importer(815301076,1909f56bfc062723c751e8b465ee728b)
Start importing Assets/Materials/Alt/AltPiece6.mat using Guid(e65944b6d36225f4e877b52f9a00c6fe) Importer(815301076,1909f56bfc062723c751e8b465ee728b) (PreviewImporter) -> (artifact id: '2e4ed9ccb2e3b306fcd4b860b86a01c4') in 0.017329 seconds
Number of updated asset objects reloaded before import = 0Number of asset objects unloaded after import = 2

========================================================================
Received Import Request.
  Time since last request: 2.707021 seconds.
  path: Assets/Materials/Alt/AltPiece7.mat
  artifactKey: Guid(526927df98dc04e48a8606b1a3f197e5) Importer(815301076,1909f56bfc062723c751e8b465ee728b)
Start importing Assets/Materials/Alt/AltPiece7.mat using Guid(526927df98dc04e48a8606b1a3f197e5) Importer(815301076,1909f56bfc062723c751e8b465ee728b) (PreviewImporter) -> (artifact id: '497e56b055cac48ca791e03e42e2a33e') in 0.0187651 seconds
Number of updated asset objects reloaded before import = 0Number of asset objects unloaded after import = 2

========================================================================
Received Import Request.
  Time since last request: 2.938556 seconds.
  path: Assets/Materials/Alt/AltPiece8.mat
  artifactKey: Guid(c7d056a90976ecd439f14278edc1a22d) Importer(815301076,1909f56bfc062723c751e8b465ee728b)
Start importing Assets/Materials/Alt/AltPiece8.mat using Guid(c7d056a90976ecd439f14278edc1a22d) Importer(815301076,1909f56bfc062723c751e8b465ee728b) (PreviewImporter) -> (artifact id: 'b330f49f4ad51619e7022a955bc1bfce') in 0.0184175 seconds
Number of updated asset objects reloaded before import = 0Number of asset objects unloaded after import = 2

========================================================================
Received Import Request.
  Time since last request: 3.458987 seconds.
  path: Assets/Materials/Alt/AltPiece9.mat
  artifactKey: Guid(3d9f52b57cfbea54eb4d5df26ed0fc63) Importer(815301076,1909f56bfc062723c751e8b465ee728b)
Start importing Assets/Materials/Alt/AltPiece9.mat using Guid(3d9f52b57cfbea54eb4d5df26ed0fc63) Importer(815301076,1909f56bfc062723c751e8b465ee728b) (PreviewImporter) -> (artifact id: '11656331e7ba4e68b9d57f45326a00b6') in 0.0173675 seconds
Number of updated asset objects reloaded before import = 0Number of asset objects unloaded after import = 2

========================================================================
Received Import Request.
  Time since last request: 56.910652 seconds.
  path: Assets/Scenes/SampleScene.unity
  artifactKey: Guid(99c9720ab356a0642a771bea13969a05) Importer(815301076,1909f56bfc062723c751e8b465ee728b)
Start importing Assets/Scenes/SampleScene.unity using Guid(99c9720ab356a0642a771bea13969a05) Importer(815301076,1909f56bfc062723c751e8b465ee728b) (PreviewImporter) -> (artifact id: '56317a8597df692b43cd9a1b1fda4352') in 0.000634 seconds
Number of updated asset objects reloaded before import = 0Number of asset objects unloaded after import = 0

========================================================================
Received Import Request.
  Time since last request: 2.595439 seconds.
  path: Assets/Scenes/Game.unity
  artifactKey: Guid(99c9720ab356a0642a771bea13969a05) Importer(815301076,1909f56bfc062723c751e8b465ee728b)
Start importing Assets/Scenes/Game.unity using Guid(99c9720ab356a0642a771bea13969a05) Importer(815301076,1909f56bfc062723c751e8b465ee728b) (PreviewImporter) -> (artifact id: '79fc578d8adf029fd559bbd95cafb3d7') in 0.0007808 seconds
Number of updated asset objects reloaded before import = 0Number of asset objects unloaded after import = 0

========================================================================
Received Import Request.
  Time since last request: 1.416075 seconds.
  path: Assets/Scenes/Game 1.unity
  artifactKey: Guid(aad91a1b92f8b544783d538d04c6958b) Importer(815301076,1909f56bfc062723c751e8b465ee728b)
Start importing Assets/Scenes/Game 1.unity using Guid(aad91a1b92f8b544783d538d04c6958b) Importer(815301076,1909f56bfc062723c751e8b465ee728b) (PreviewImporter) -> (artifact id: '70d6fa9f1fcf9c5c44be002aa7caaacf') in 0.0005259 seconds
Number of updated asset objects reloaded before import = 0Number of asset objects unloaded after import = 0

========================================================================
Received Import Request.
  Time since last request: 2.933525 seconds.
  path: Assets/Scenes/Game2.unity
  artifactKey: Guid(aad91a1b92f8b544783d538d04c6958b) Importer(815301076,1909f56bfc062723c751e8b465ee728b)
Start importing Assets/Scenes/Game2.unity using Guid(aad91a1b92f8b544783d538d04c6958b) Importer(815301076,1909f56bfc062723c751e8b465ee728b) (PreviewImporter) -> (artifact id: '17ba17f292a1911c7417ae74f74e75de') in 0.0005188 seconds
Number of updated asset objects reloaded before import = 0Number of asset objects unloaded after import = 0

========================================================================
Received Import Request.
  Time since last request: 14.855754 seconds.
  path: Assets/Materials/Alt/AltPiece1.mat
  artifactKey: Guid(1795242e71c188241a2b142665b57f14) Importer(815301076,1909f56bfc062723c751e8b465ee728b)
Start importing Assets/Materials/Alt/AltPiece1.mat using Guid(1795242e71c188241a2b142665b57f14) Importer(815301076,1909f56bfc062723c751e8b465ee728b) (PreviewImporter) -> (artifact id: '713da369c3bc23c6651496c29419ac4d') in 0.0244452 seconds
Number of updated asset objects reloaded before import = 0Number of asset objects unloaded after import = 2

========================================================================
Received Import Request.
  Time since last request: 0.000028 seconds.
  path: Assets/Materials/Alt/AltPiece6.mat
  artifactKey: Guid(e65944b6d36225f4e877b52f9a00c6fe) Importer(815301076,1909f56bfc062723c751e8b465ee728b)
Start importing Assets/Materials/Alt/AltPiece6.mat using Guid(e65944b6d36225f4e877b52f9a00c6fe) Importer(815301076,1909f56bfc062723c751e8b465ee728b) (PreviewImporter) -> (artifact id: '59add8715845f3fb2bf0e310163c4115') in 0.020824 seconds
Number of updated asset objects reloaded before import = 0Number of asset objects unloaded after import = 2

========================================================================
Received Import Request.
  Time since last request: 0.000044 seconds.
  path: Assets/Materials/Alt/AltPiece3.mat
  artifactKey: Guid(07da99ab18b28a940b1b8d83b722daac) Importer(815301076,1909f56bfc062723c751e8b465ee728b)
Start importing Assets/Materials/Alt/AltPiece3.mat using Guid(07da99ab18b28a940b1b8d83b722daac) Importer(815301076,1909f56bfc062723c751e8b465ee728b) (PreviewImporter) -> (artifact id: 'c216a4f98e7b52f340aa18d3c303b104') in 0.0226317 seconds
Number of updated asset objects reloaded before import = 0Number of asset objects unloaded after import = 2

========================================================================
Received Import Request.
  Time since last request: 0.000033 seconds.
  path: Assets/Materials/Alt/AltPiece9.mat
  artifactKey: Guid(3d9f52b57cfbea54eb4d5df26ed0fc63) Importer(815301076,1909f56bfc062723c751e8b465ee728b)
Start importing Assets/Materials/Alt/AltPiece9.mat using Guid(3d9f52b57cfbea54eb4d5df26ed0fc63) Importer(815301076,1909f56bfc062723c751e8b465ee728b) (PreviewImporter) -> (artifact id: '024226fca0e5af7e38878ad4ce5fbf29') in 0.0168153 seconds
Number of updated asset objects reloaded before import = 0Number of asset objects unloaded after import = 2

========================================================================
Received Import Request.
  Time since last request: 0.000040 seconds.
  path: Assets/Materials/Alt/AltPiece5.mat
  artifactKey: Guid(748a57941acb5eb47ab29cfa48fb7032) Importer(815301076,1909f56bfc062723c751e8b465ee728b)
Start importing Assets/Materials/Alt/AltPiece5.mat using Guid(748a57941acb5eb47ab29cfa48fb7032) Importer(815301076,1909f56bfc062723c751e8b465ee728b) (PreviewImporter) -> (artifact id: '972fa98d8fc93534ca7bb0ae2e9016fd') in 0.0298385 seconds
Number of updated asset objects reloaded before import = 0Number of asset objects unloaded after import = 2

========================================================================
Received Prepare
Begin MonoManager ReloadAssembly
- Loaded All Assemblies, in  0.913 seconds
Refreshing native plugins compatible for Editor in 1.03 ms, found 3 plugins.
Native extension for WindowsStandalone target not found
Mono: successfully reloaded assembly
- Finished resetting the current domain, in  1.426 seconds
Domain Reload Profiling: 2341ms
	BeginReloadAssembly (272ms)
		ExecutionOrderSort (0ms)
		DisableScriptedObjects (26ms)
		BackupInstance (0ms)
		ReleaseScriptingObjects (0ms)
		CreateAndSetChildDomain (81ms)
	RebuildCommonClasses (44ms)
	RebuildNativeTypeToScriptingClass (13ms)
	initialDomainReloadingComplete (26ms)
	LoadAllAssembliesAndSetupDomain (559ms)
		LoadAssemblies (444ms)
		RebuildTransferFunctionScriptingTraits (0ms)
		AnalyzeDomain (235ms)
			TypeCache.Refresh (8ms)
				TypeCache.ScanAssembly (0ms)
			BuildScriptInfoCaches (212ms)
			ResolveRequiredComponents (11ms)
	FinalizeReload (1427ms)
		ReleaseScriptCaches (0ms)
		RebuildScriptCaches (0ms)
		SetupLoadedEditorAssemblies (1028ms)
			LogAssemblyErrors (0ms)
			InitializePlatformSupportModulesInManaged (3ms)
			SetLoadedEditorAssemblies (8ms)
			BeforeProcessingInitializeOnLoad (196ms)
			ProcessInitializeOnLoadAttributes (731ms)
			ProcessInitializeOnLoadMethodAttributes (82ms)
			AfterProcessingInitializeOnLoad (7ms)
			EditorAssembliesLoaded (0ms)
		ExecutionOrderSort2 (0ms)
		AwakeInstancesAfterBackupRestoration (20ms)
Refreshing native plugins compatible for Editor in 0.72 ms, found 3 plugins.
Preloading 0 native plugins for Editor in 0.00 ms.
Unloading 23 Unused Serialized files (Serialized files now loaded: 0)
Unloading 5988 unused Assets / (4.6 MB). Loaded Objects now: 6858.
Memory consumption went from 176.5 MB to 171.9 MB.
Total: 10.542900 ms (FindLiveObjects: 0.821900 ms CreateObjectMapping: 0.791800 ms MarkObjects: 6.166200 ms  DeleteObjects: 2.761200 ms)

Prepare: number of updated asset objects reloaded= 0
Editor requested this worker to shutdown with reason: Scaling down because of idle timeout
AssetImportWorker is now disconnected from the server
Process exiting
Exiting without the bug reporter. Application will terminate with return code 0